[2019-09-30 08:54:45] (ERROR @ C:\domains\newprojects\mega-son\www\core\model\modx\modcachemanager.class.php : 349) Error caching lexicon topic lexicon/ru/core/namespace
[2019-09-30 09:47:46] (ERROR in xPDO::getService @ C:\domains\newprojects\mega-son\www\core\xpdo\xpdo.class.php : 1234) modRestClient::__construct is deprecated since version 2.3.0. Use the modRest classes instead.
[2019-09-30 09:47:46] (ERROR in modRestCurlClient::__construct @ C:\domains\newprojects\mega-son\www\core\model\modx\rest\modrestcurlclient.class.php : 26) modRestClient::__construct is deprecated since version 2.3.0. Use the modRest classes instead.
[2019-09-30 09:47:46] (ERROR in xPDO::getService @ C:\domains\newprojects\mega-son\www\core\xpdo\xpdo.class.php : 1234) modRestClient::__construct is deprecated since version 2.3.0. Use the modRest classes instead.
[2019-09-30 09:47:46] (ERROR in modRestCurlClient::__construct @ C:\domains\newprojects\mega-son\www\core\model\modx\rest\modrestcurlclient.class.php : 26) modRestClient::__construct is deprecated since version 2.3.0. Use the modRest classes instead.
[2019-09-30 09:47:57] (ERROR in xPDO::getService @ C:\domains\newprojects\mega-son\www\core\xpdo\xpdo.class.php : 1234) modRestClient::__construct is deprecated since version 2.3.0. Use the modRest classes instead.
[2019-09-30 09:47:57] (ERROR in modRestCurlClient::__construct @ C:\domains\newprojects\mega-son\www\core\model\modx\rest\modrestcurlclient.class.php : 26) modRestClient::__construct is deprecated since version 2.3.0. Use the modRest classes instead.
[2019-09-30 09:47:57] (ERROR in xPDO::getService @ C:\domains\newprojects\mega-son\www\core\xpdo\xpdo.class.php : 1234) modRestClient::__construct is deprecated since version 2.3.0. Use the modRest classes instead.
[2019-09-30 09:47:57] (ERROR in modRestCurlClient::__construct @ C:\domains\newprojects\mega-son\www\core\model\modx\rest\modrestcurlclient.class.php : 26) modRestClient::__construct is deprecated since version 2.3.0. Use the modRest classes instead.
[2019-09-30 09:48:46] (ERROR in xPDO::getService @ C:\domains\newprojects\mega-son\www\core\xpdo\xpdo.class.php : 1234) modRestClient::__construct is deprecated since version 2.3.0. Use the modRest classes instead.
[2019-09-30 09:48:46] (ERROR in modRestCurlClient::__construct @ C:\domains\newprojects\mega-son\www\core\model\modx\rest\modrestcurlclient.class.php : 26) modRestClient::__construct is deprecated since version 2.3.0. Use the modRest classes instead.
[2019-09-30 09:48:46] (ERROR @ C:\domains\newprojects\mega-son\www\core\model\modx\rest\modrestclient.class.php : 240) PHP warning: simplexml_load_string(): Entity: line 6: parser error : Opening and ending tag mismatch: hr line 5 and body
[2019-09-30 09:48:46] (ERROR @ C:\domains\newprojects\mega-son\www\core\model\modx\rest\modrestclient.class.php : 240) PHP warning: simplexml_load_string(): &lt;/body&gt;
[2019-09-30 09:48:46] (ERROR @ C:\domains\newprojects\mega-son\www\core\model\modx\rest\modrestclient.class.php : 240) PHP warning: simplexml_load_string():        ^
[2019-09-30 09:48:46] (ERROR @ C:\domains\newprojects\mega-son\www\core\model\modx\rest\modrestclient.class.php : 240) PHP warning: simplexml_load_string(): Entity: line 7: parser error : Opening and ending tag mismatch: body line 3 and html
[2019-09-30 09:48:46] (ERROR @ C:\domains\newprojects\mega-son\www\core\model\modx\rest\modrestclient.class.php : 240) PHP warning: simplexml_load_string(): &lt;/html&gt;
[2019-09-30 09:48:46] (ERROR @ C:\domains\newprojects\mega-son\www\core\model\modx\rest\modrestclient.class.php : 240) PHP warning: simplexml_load_string():        ^
[2019-09-30 09:48:46] (ERROR @ C:\domains\newprojects\mega-son\www\core\model\modx\rest\modrestclient.class.php : 240) PHP warning: simplexml_load_string(): Entity: line 7: parser error : Premature end of data in tag html line 1
[2019-09-30 09:48:46] (ERROR @ C:\domains\newprojects\mega-son\www\core\model\modx\rest\modrestclient.class.php : 240) PHP warning: simplexml_load_string(): &lt;/html&gt;
[2019-09-30 09:48:46] (ERROR @ C:\domains\newprojects\mega-son\www\core\model\modx\rest\modrestclient.class.php : 240) PHP warning: simplexml_load_string():        ^
[2019-09-30 09:48:46] (ERROR @ C:\domains\newprojects\mega-son\www\core\model\modx\rest\modrestclient.class.php : 245) Could not connect to provider at: modstore.pro/
[2019-09-30 09:48:54] (ERROR in xPDO::getService @ C:\domains\newprojects\mega-son\www\core\xpdo\xpdo.class.php : 1234) modRestClient::__construct is deprecated since version 2.3.0. Use the modRest classes instead.
[2019-09-30 09:48:54] (ERROR in modRestCurlClient::__construct @ C:\domains\newprojects\mega-son\www\core\model\modx\rest\modrestcurlclient.class.php : 26) modRestClient::__construct is deprecated since version 2.3.0. Use the modRest classes instead.
[2019-09-30 09:49:22] (ERROR in xPDO::getService @ C:\domains\newprojects\mega-son\www\core\xpdo\xpdo.class.php : 1234) modRestClient::__construct is deprecated since version 2.3.0. Use the modRest classes instead.
[2019-09-30 09:49:22] (ERROR in modRestCurlClient::__construct @ C:\domains\newprojects\mega-son\www\core\model\modx\rest\modrestcurlclient.class.php : 26) modRestClient::__construct is deprecated since version 2.3.0. Use the modRest classes instead.
[2019-09-30 09:49:22] (ERROR in xPDO::getService @ C:\domains\newprojects\mega-son\www\core\xpdo\xpdo.class.php : 1234) modRestClient::__construct is deprecated since version 2.3.0. Use the modRest classes instead.
[2019-09-30 09:49:22] (ERROR in xPDO::getService @ C:\domains\newprojects\mega-son\www\core\xpdo\xpdo.class.php : 1234) modRestClient::__construct is deprecated since version 2.3.0. Use the modRest classes instead.
[2019-09-30 09:49:22] (ERROR in modRestCurlClient::__construct @ C:\domains\newprojects\mega-son\www\core\model\modx\rest\modrestcurlclient.class.php : 26) modRestClient::__construct is deprecated since version 2.3.0. Use the modRest classes instead.
[2019-09-30 09:49:22] (ERROR in modRestCurlClient::__construct @ C:\domains\newprojects\mega-son\www\core\model\modx\rest\modrestcurlclient.class.php : 26) modRestClient::__construct is deprecated since version 2.3.0. Use the modRest classes instead.
[2019-09-30 09:50:43] (ERROR in xPDO::getService @ C:\domains\newprojects\mega-son\www\core\xpdo\xpdo.class.php : 1234) modRestClient::__construct is deprecated since version 2.3.0. Use the modRest classes instead.
[2019-09-30 09:50:43] (ERROR in xPDO::getService @ C:\domains\newprojects\mega-son\www\core\xpdo\xpdo.class.php : 1234) modRestClient::__construct is deprecated since version 2.3.0. Use the modRest classes instead.
[2019-09-30 09:50:43] (ERROR in modRestCurlClient::__construct @ C:\domains\newprojects\mega-son\www\core\model\modx\rest\modrestcurlclient.class.php : 26) modRestClient::__construct is deprecated since version 2.3.0. Use the modRest classes instead.
[2019-09-30 09:50:43] (ERROR in modRestCurlClient::__construct @ C:\domains\newprojects\mega-son\www\core\model\modx\rest\modrestcurlclient.class.php : 26) modRestClient::__construct is deprecated since version 2.3.0. Use the modRest classes instead.
[2019-09-30 09:50:56] (ERROR in xPDO::getService @ C:\domains\newprojects\mega-son\www\core\xpdo\xpdo.class.php : 1234) modRestClient::__construct is deprecated since version 2.3.0. Use the modRest classes instead.
[2019-09-30 09:50:56] (ERROR in modRestCurlClient::__construct @ C:\domains\newprojects\mega-son\www\core\model\modx\rest\modrestcurlclient.class.php : 26) modRestClient::__construct is deprecated since version 2.3.0. Use the modRest classes instead.
[2019-09-30 09:50:56] (ERROR in xPDO::getService @ C:\domains\newprojects\mega-son\www\core\xpdo\xpdo.class.php : 1234) modRestClient::__construct is deprecated since version 2.3.0. Use the modRest classes instead.
[2019-09-30 09:50:56] (ERROR in modRestCurlClient::__construct @ C:\domains\newprojects\mega-son\www\core\model\modx\rest\modrestcurlclient.class.php : 26) modRestClient::__construct is deprecated since version 2.3.0. Use the modRest classes instead.
[2019-09-30 09:50:56] (ERROR in xPDO::getService @ C:\domains\newprojects\mega-son\www\core\xpdo\xpdo.class.php : 1234) modRestClient::__construct is deprecated since version 2.3.0. Use the modRest classes instead.
[2019-09-30 09:50:56] (ERROR in modRestCurlClient::__construct @ C:\domains\newprojects\mega-son\www\core\model\modx\rest\modrestcurlclient.class.php : 26) modRestClient::__construct is deprecated since version 2.3.0. Use the modRest classes instead.
[2019-09-30 09:51:02] (ERROR in xPDO::getService @ C:\domains\newprojects\mega-son\www\core\xpdo\xpdo.class.php : 1234) modRestClient::__construct is deprecated since version 2.3.0. Use the modRest classes instead.
[2019-09-30 09:51:02] (ERROR in modRestCurlClient::__construct @ C:\domains\newprojects\mega-son\www\core\model\modx\rest\modrestcurlclient.class.php : 26) modRestClient::__construct is deprecated since version 2.3.0. Use the modRest classes instead.
[2019-09-30 09:51:06] (ERROR in xPDO::getService @ C:\domains\newprojects\mega-son\www\core\xpdo\xpdo.class.php : 1234) modRestClient::__construct is deprecated since version 2.3.0. Use the modRest classes instead.
[2019-09-30 09:51:06] (ERROR in modRestCurlClient::__construct @ C:\domains\newprojects\mega-son\www\core\model\modx\rest\modrestcurlclient.class.php : 26) modRestClient::__construct is deprecated since version 2.3.0. Use the modRest classes instead.
[2019-09-30 09:51:10] (ERROR in xPDO::getService @ C:\domains\newprojects\mega-son\www\core\xpdo\xpdo.class.php : 1234) modRestClient::__construct is deprecated since version 2.3.0. Use the modRest classes instead.
[2019-09-30 09:51:10] (ERROR in modRestCurlClient::__construct @ C:\domains\newprojects\mega-son\www\core\model\modx\rest\modrestcurlclient.class.php : 26) modRestClient::__construct is deprecated since version 2.3.0. Use the modRest classes instead.
[2019-09-30 09:51:10] (ERROR in modRestCurlClient::__construct @ C:\domains\newprojects\mega-son\www\core\model\modx\rest\modrestcurlclient.class.php : 26) modRestClient::__construct is deprecated since version 2.3.0. Use the modRest classes instead.
[2019-09-30 09:52:01] (ERROR in xPDO::getService @ C:\domains\newprojects\mega-son\www\core\xpdo\xpdo.class.php : 1234) modRestClient::__construct is deprecated since version 2.3.0. Use the modRest classes instead.
[2019-09-30 09:52:01] (ERROR in modRestCurlClient::__construct @ C:\domains\newprojects\mega-son\www\core\model\modx\rest\modrestcurlclient.class.php : 26) modRestClient::__construct is deprecated since version 2.3.0. Use the modRest classes instead.
[2019-09-30 09:52:01] (ERROR in xPDO::getService @ C:\domains\newprojects\mega-son\www\core\xpdo\xpdo.class.php : 1234) modRestClient::__construct is deprecated since version 2.3.0. Use the modRest classes instead.
[2019-09-30 09:52:01] (ERROR in modRestCurlClient::__construct @ C:\domains\newprojects\mega-son\www\core\model\modx\rest\modrestcurlclient.class.php : 26) modRestClient::__construct is deprecated since version 2.3.0. Use the modRest classes instead.
[2019-09-30 09:52:13] (ERROR in xPDO::getService @ C:\domains\newprojects\mega-son\www\core\xpdo\xpdo.class.php : 1234) modRestClient::__construct is deprecated since version 2.3.0. Use the modRest classes instead.
[2019-09-30 09:52:13] (ERROR in modRestCurlClient::__construct @ C:\domains\newprojects\mega-son\www\core\model\modx\rest\modrestcurlclient.class.php : 26) modRestClient::__construct is deprecated since version 2.3.0. Use the modRest classes instead.
